C:\PROGRAM FILES\NODEJS\NPX.CMD:1
:: Created by npm, please don't edit manually.
^

SyntaxError: Unexpected token ':'
    at wrapSafe (node:internal/modules/cjs/loader:1486:18)
    at Module._compile (node:internal/modules/cjs/loader:1528:20)
    at Object..js (node:internal/modules/cjs/loader:1706:10)
    at Module.load (node:internal/modules/cjs/loader:1289:32)
    at Function._load (node:internal/modules/cjs/loader:1108:12)
    at C:\Users\Home\AppData\Roaming\npm\node_modules\pm2\lib\ProcessContainer.js:292:27
    at wrapper (C:\Users\Home\AppData\Roaming\npm\node_modules\pm2\node_modules\async\internal\once.js:12:16)
    at next (C:\Users\Home\AppData\Roaming\npm\node_modules\pm2\node_modules\async\waterfall.js:96:20)
    at C:\Users\Home\AppData\Roaming\npm\node_modules\pm2\node_modules\async\internal\onlyOnce.js:12:16
    at WriteStream.<anonymous> (C:\Users\Home\AppData\Roaming\npm\node_modules\pm2\lib\Utility.js:186:13)
C:\PROGRAM FILES\NODEJS\NPX.CMD:1
:: Created by npm, please don't edit manually.
^

SyntaxError: Unexpected token ':'
    at wrapSafe (node:internal/modules/cjs/loader:1486:18)
    at Module._compile (node:internal/modules/cjs/loader:1528:20)
    at Object..js (node:internal/modules/cjs/loader:1706:10)
    at Module.load (node:internal/modules/cjs/loader:1289:32)
    at Function._load (node:internal/modules/cjs/loader:1108:12)
    at C:\Users\Home\AppData\Roaming\npm\node_modules\pm2\lib\ProcessContainer.js:292:27
    at wrapper (C:\Users\Home\AppData\Roaming\npm\node_modules\pm2\node_modules\async\internal\once.js:12:16)
    at next (C:\Users\Home\AppData\Roaming\npm\node_modules\pm2\node_modules\async\waterfall.js:96:20)
    at C:\Users\Home\AppData\Roaming\npm\node_modules\pm2\node_modules\async\internal\onlyOnce.js:12:16
    at WriteStream.<anonymous> (C:\Users\Home\AppData\Roaming\npm\node_modules\pm2\lib\Utility.js:186:13)
C:\PROGRAM FILES\NODEJS\NPX.CMD:1
:: Created by npm, please don't edit manually.
^

SyntaxError: Unexpected token ':'
    at wrapSafe (node:internal/modules/cjs/loader:1486:18)
    at Module._compile (node:internal/modules/cjs/loader:1528:20)
    at Object..js (node:internal/modules/cjs/loader:1706:10)
    at Module.load (node:internal/modules/cjs/loader:1289:32)
    at Function._load (node:internal/modules/cjs/loader:1108:12)
    at C:\Users\Home\AppData\Roaming\npm\node_modules\pm2\lib\ProcessContainer.js:292:27
    at wrapper (C:\Users\Home\AppData\Roaming\npm\node_modules\pm2\node_modules\async\internal\once.js:12:16)
    at next (C:\Users\Home\AppData\Roaming\npm\node_modules\pm2\node_modules\async\waterfall.js:96:20)
    at C:\Users\Home\AppData\Roaming\npm\node_modules\pm2\node_modules\async\internal\onlyOnce.js:12:16
    at WriteStream.<anonymous> (C:\Users\Home\AppData\Roaming\npm\node_modules\pm2\lib\Utility.js:186:13)
C:\PROGRAM FILES\NODEJS\NPX.CMD:1
:: Created by npm, please don't edit manually.
^

SyntaxError: Unexpected token ':'
    at wrapSafe (node:internal/modules/cjs/loader:1486:18)
    at Module._compile (node:internal/modules/cjs/loader:1528:20)
    at Object..js (node:internal/modules/cjs/loader:1706:10)
    at Module.load (node:internal/modules/cjs/loader:1289:32)
    at Function._load (node:internal/modules/cjs/loader:1108:12)
    at C:\Users\Home\AppData\Roaming\npm\node_modules\pm2\lib\ProcessContainer.js:292:27
    at wrapper (C:\Users\Home\AppData\Roaming\npm\node_modules\pm2\node_modules\async\internal\once.js:12:16)
    at next (C:\Users\Home\AppData\Roaming\npm\node_modules\pm2\node_modules\async\waterfall.js:96:20)
    at C:\Users\Home\AppData\Roaming\npm\node_modules\pm2\node_modules\async\internal\onlyOnce.js:12:16
    at WriteStream.<anonymous> (C:\Users\Home\AppData\Roaming\npm\node_modules\pm2\lib\Utility.js:186:13)
C:\PROGRAM FILES\NODEJS\NPX.CMD:1
:: Created by npm, please don't edit manually.
^

SyntaxError: Unexpected token ':'
    at wrapSafe (node:internal/modules/cjs/loader:1486:18)
    at Module._compile (node:internal/modules/cjs/loader:1528:20)
    at Object..js (node:internal/modules/cjs/loader:1706:10)
    at Module.load (node:internal/modules/cjs/loader:1289:32)
    at Function._load (node:internal/modules/cjs/loader:1108:12)
    at C:\Users\Home\AppData\Roaming\npm\node_modules\pm2\lib\ProcessContainer.js:292:27
    at wrapper (C:\Users\Home\AppData\Roaming\npm\node_modules\pm2\node_modules\async\internal\once.js:12:16)
    at next (C:\Users\Home\AppData\Roaming\npm\node_modules\pm2\node_modules\async\waterfall.js:96:20)
    at C:\Users\Home\AppData\Roaming\npm\node_modules\pm2\node_modules\async\internal\onlyOnce.js:12:16
    at WriteStream.<anonymous> (C:\Users\Home\AppData\Roaming\npm\node_modules\pm2\lib\Utility.js:186:13)
C:\PROGRAM FILES\NODEJS\NPX.CMD:1
:: Created by npm, please don't edit manually.
^

SyntaxError: Unexpected token ':'
    at wrapSafe (node:internal/modules/cjs/loader:1486:18)
    at Module._compile (node:internal/modules/cjs/loader:1528:20)
    at Object..js (node:internal/modules/cjs/loader:1706:10)
    at Module.load (node:internal/modules/cjs/loader:1289:32)
    at Function._load (node:internal/modules/cjs/loader:1108:12)
    at C:\Users\Home\AppData\Roaming\npm\node_modules\pm2\lib\ProcessContainer.js:292:27
    at wrapper (C:\Users\Home\AppData\Roaming\npm\node_modules\pm2\node_modules\async\internal\once.js:12:16)
    at next (C:\Users\Home\AppData\Roaming\npm\node_modules\pm2\node_modules\async\waterfall.js:96:20)
    at C:\Users\Home\AppData\Roaming\npm\node_modules\pm2\node_modules\async\internal\onlyOnce.js:12:16
    at WriteStream.<anonymous> (C:\Users\Home\AppData\Roaming\npm\node_modules\pm2\lib\Utility.js:186:13)
C:\PROGRAM FILES\NODEJS\NPX.CMD:1
:: Created by npm, please don't edit manually.
^

SyntaxError: Unexpected token ':'
    at wrapSafe (node:internal/modules/cjs/loader:1486:18)
    at Module._compile (node:internal/modules/cjs/loader:1528:20)
    at Object..js (node:internal/modules/cjs/loader:1706:10)
    at Module.load (node:internal/modules/cjs/loader:1289:32)
    at Function._load (node:internal/modules/cjs/loader:1108:12)
    at C:\Users\Home\AppData\Roaming\npm\node_modules\pm2\lib\ProcessContainer.js:292:27
    at wrapper (C:\Users\Home\AppData\Roaming\npm\node_modules\pm2\node_modules\async\internal\once.js:12:16)
    at next (C:\Users\Home\AppData\Roaming\npm\node_modules\pm2\node_modules\async\waterfall.js:96:20)
    at C:\Users\Home\AppData\Roaming\npm\node_modules\pm2\node_modules\async\internal\onlyOnce.js:12:16
    at WriteStream.<anonymous> (C:\Users\Home\AppData\Roaming\npm\node_modules\pm2\lib\Utility.js:186:13)
C:\PROGRAM FILES\NODEJS\NPX.CMD:1
:: Created by npm, please don't edit manually.
^

SyntaxError: Unexpected token ':'
    at wrapSafe (node:internal/modules/cjs/loader:1486:18)
    at Module._compile (node:internal/modules/cjs/loader:1528:20)
    at Object..js (node:internal/modules/cjs/loader:1706:10)
    at Module.load (node:internal/modules/cjs/loader:1289:32)
    at Function._load (node:internal/modules/cjs/loader:1108:12)
    at C:\Users\Home\AppData\Roaming\npm\node_modules\pm2\lib\ProcessContainer.js:292:27
    at wrapper (C:\Users\Home\AppData\Roaming\npm\node_modules\pm2\node_modules\async\internal\once.js:12:16)
    at next (C:\Users\Home\AppData\Roaming\npm\node_modules\pm2\node_modules\async\waterfall.js:96:20)
    at C:\Users\Home\AppData\Roaming\npm\node_modules\pm2\node_modules\async\internal\onlyOnce.js:12:16
    at WriteStream.<anonymous> (C:\Users\Home\AppData\Roaming\npm\node_modules\pm2\lib\Utility.js:186:13)
C:\PROGRAM FILES\NODEJS\NPX.CMD:1
:: Created by npm, please don't edit manually.
^

SyntaxError: Unexpected token ':'
    at wrapSafe (node:internal/modules/cjs/loader:1486:18)
    at Module._compile (node:internal/modules/cjs/loader:1528:20)
    at Object..js (node:internal/modules/cjs/loader:1706:10)
    at Module.load (node:internal/modules/cjs/loader:1289:32)
    at Function._load (node:internal/modules/cjs/loader:1108:12)
    at C:\Users\Home\AppData\Roaming\npm\node_modules\pm2\lib\ProcessContainer.js:292:27
    at wrapper (C:\Users\Home\AppData\Roaming\npm\node_modules\pm2\node_modules\async\internal\once.js:12:16)
    at next (C:\Users\Home\AppData\Roaming\npm\node_modules\pm2\node_modules\async\waterfall.js:96:20)
    at C:\Users\Home\AppData\Roaming\npm\node_modules\pm2\node_modules\async\internal\onlyOnce.js:12:16
    at WriteStream.<anonymous> (C:\Users\Home\AppData\Roaming\npm\node_modules\pm2\lib\Utility.js:186:13)
C:\PROGRAM FILES\NODEJS\NPX.CMD:1
:: Created by npm, please don't edit manually.
^

SyntaxError: Unexpected token ':'
    at wrapSafe (node:internal/modules/cjs/loader:1486:18)
    at Module._compile (node:internal/modules/cjs/loader:1528:20)
    at Object..js (node:internal/modules/cjs/loader:1706:10)
    at Module.load (node:internal/modules/cjs/loader:1289:32)
    at Function._load (node:internal/modules/cjs/loader:1108:12)
    at C:\Users\Home\AppData\Roaming\npm\node_modules\pm2\lib\ProcessContainer.js:292:27
    at wrapper (C:\Users\Home\AppData\Roaming\npm\node_modules\pm2\node_modules\async\internal\once.js:12:16)
    at next (C:\Users\Home\AppData\Roaming\npm\node_modules\pm2\node_modules\async\waterfall.js:96:20)
    at C:\Users\Home\AppData\Roaming\npm\node_modules\pm2\node_modules\async\internal\onlyOnce.js:12:16
    at WriteStream.<anonymous> (C:\Users\Home\AppData\Roaming\npm\node_modules\pm2\lib\Utility.js:186:13)
C:\PROGRAM FILES\NODEJS\NPX.CMD:1
:: Created by npm, please don't edit manually.
^

SyntaxError: Unexpected token ':'
    at wrapSafe (node:internal/modules/cjs/loader:1486:18)
    at Module._compile (node:internal/modules/cjs/loader:1528:20)
    at Object..js (node:internal/modules/cjs/loader:1706:10)
    at Module.load (node:internal/modules/cjs/loader:1289:32)
    at Function._load (node:internal/modules/cjs/loader:1108:12)
    at C:\Users\Home\AppData\Roaming\npm\node_modules\pm2\lib\ProcessContainer.js:292:27
    at wrapper (C:\Users\Home\AppData\Roaming\npm\node_modules\pm2\node_modules\async\internal\once.js:12:16)
    at next (C:\Users\Home\AppData\Roaming\npm\node_modules\pm2\node_modules\async\waterfall.js:96:20)
    at C:\Users\Home\AppData\Roaming\npm\node_modules\pm2\node_modules\async\internal\onlyOnce.js:12:16
    at WriteStream.<anonymous> (C:\Users\Home\AppData\Roaming\npm\node_modules\pm2\lib\Utility.js:186:13)
C:\PROGRAM FILES\NODEJS\NPX.CMD:1
:: Created by npm, please don't edit manually.
^

SyntaxError: Unexpected token ':'
    at wrapSafe (node:internal/modules/cjs/loader:1486:18)
    at Module._compile (node:internal/modules/cjs/loader:1528:20)
    at Object..js (node:internal/modules/cjs/loader:1706:10)
    at Module.load (node:internal/modules/cjs/loader:1289:32)
    at Function._load (node:internal/modules/cjs/loader:1108:12)
    at C:\Users\Home\AppData\Roaming\npm\node_modules\pm2\lib\ProcessContainer.js:292:27
    at wrapper (C:\Users\Home\AppData\Roaming\npm\node_modules\pm2\node_modules\async\internal\once.js:12:16)
    at next (C:\Users\Home\AppData\Roaming\npm\node_modules\pm2\node_modules\async\waterfall.js:96:20)
    at C:\Users\Home\AppData\Roaming\npm\node_modules\pm2\node_modules\async\internal\onlyOnce.js:12:16
    at WriteStream.<anonymous> (C:\Users\Home\AppData\Roaming\npm\node_modules\pm2\lib\Utility.js:186:13)
C:\PROGRAM FILES\NODEJS\NPX.CMD:1
:: Created by npm, please don't edit manually.
^

SyntaxError: Unexpected token ':'
    at wrapSafe (node:internal/modules/cjs/loader:1486:18)
    at Module._compile (node:internal/modules/cjs/loader:1528:20)
    at Object..js (node:internal/modules/cjs/loader:1706:10)
    at Module.load (node:internal/modules/cjs/loader:1289:32)
    at Function._load (node:internal/modules/cjs/loader:1108:12)
    at C:\Users\Home\AppData\Roaming\npm\node_modules\pm2\lib\ProcessContainer.js:292:27
    at wrapper (C:\Users\Home\AppData\Roaming\npm\node_modules\pm2\node_modules\async\internal\once.js:12:16)
    at next (C:\Users\Home\AppData\Roaming\npm\node_modules\pm2\node_modules\async\waterfall.js:96:20)
    at C:\Users\Home\AppData\Roaming\npm\node_modules\pm2\node_modules\async\internal\onlyOnce.js:12:16
    at WriteStream.<anonymous> (C:\Users\Home\AppData\Roaming\npm\node_modules\pm2\lib\Utility.js:186:13)
C:\PROGRAM FILES\NODEJS\NPX.CMD:1
:: Created by npm, please don't edit manually.
^

SyntaxError: Unexpected token ':'
    at wrapSafe (node:internal/modules/cjs/loader:1486:18)
    at Module._compile (node:internal/modules/cjs/loader:1528:20)
    at Object..js (node:internal/modules/cjs/loader:1706:10)
    at Module.load (node:internal/modules/cjs/loader:1289:32)
    at Function._load (node:internal/modules/cjs/loader:1108:12)
    at C:\Users\Home\AppData\Roaming\npm\node_modules\pm2\lib\ProcessContainer.js:292:27
    at wrapper (C:\Users\Home\AppData\Roaming\npm\node_modules\pm2\node_modules\async\internal\once.js:12:16)
    at next (C:\Users\Home\AppData\Roaming\npm\node_modules\pm2\node_modules\async\waterfall.js:96:20)
    at C:\Users\Home\AppData\Roaming\npm\node_modules\pm2\node_modules\async\internal\onlyOnce.js:12:16
    at WriteStream.<anonymous> (C:\Users\Home\AppData\Roaming\npm\node_modules\pm2\lib\Utility.js:186:13)
C:\PROGRAM FILES\NODEJS\NPX.CMD:1
:: Created by npm, please don't edit manually.
^

SyntaxError: Unexpected token ':'
    at wrapSafe (node:internal/modules/cjs/loader:1486:18)
    at Module._compile (node:internal/modules/cjs/loader:1528:20)
    at Object..js (node:internal/modules/cjs/loader:1706:10)
    at Module.load (node:internal/modules/cjs/loader:1289:32)
    at Function._load (node:internal/modules/cjs/loader:1108:12)
    at C:\Users\Home\AppData\Roaming\npm\node_modules\pm2\lib\ProcessContainer.js:292:27
    at wrapper (C:\Users\Home\AppData\Roaming\npm\node_modules\pm2\node_modules\async\internal\once.js:12:16)
    at next (C:\Users\Home\AppData\Roaming\npm\node_modules\pm2\node_modules\async\waterfall.js:96:20)
    at C:\Users\Home\AppData\Roaming\npm\node_modules\pm2\node_modules\async\internal\onlyOnce.js:12:16
    at WriteStream.<anonymous> (C:\Users\Home\AppData\Roaming\npm\node_modules\pm2\lib\Utility.js:186:13)
C:\PROGRAM FILES\NODEJS\NPX.CMD:1
:: Created by npm, please don't edit manually.
^

SyntaxError: Unexpected token ':'
    at wrapSafe (node:internal/modules/cjs/loader:1486:18)
    at Module._compile (node:internal/modules/cjs/loader:1528:20)
    at Object..js (node:internal/modules/cjs/loader:1706:10)
    at Module.load (node:internal/modules/cjs/loader:1289:32)
    at Function._load (node:internal/modules/cjs/loader:1108:12)
    at C:\Users\Home\AppData\Roaming\npm\node_modules\pm2\lib\ProcessContainer.js:292:27
    at wrapper (C:\Users\Home\AppData\Roaming\npm\node_modules\pm2\node_modules\async\internal\once.js:12:16)
    at next (C:\Users\Home\AppData\Roaming\npm\node_modules\pm2\node_modules\async\waterfall.js:96:20)
    at C:\Users\Home\AppData\Roaming\npm\node_modules\pm2\node_modules\async\internal\onlyOnce.js:12:16
    at WriteStream.<anonymous> (C:\Users\Home\AppData\Roaming\npm\node_modules\pm2\lib\Utility.js:186:13)
